0 info it worked if it ends with ok
1 verbose cli [ '/usr/local/Cellar/node/7.2.0/bin/node',
1 verbose cli   '/usr/local/bin/npm',
1 verbose cli   'publish',
1 verbose cli   './dist' ]
2 info using npm@3.10.9
3 info using node@v7.2.0
4 verbose publish [ './dist' ]
5 silly cache add args [ './dist', null ]
6 verbose cache add spec ./dist
7 silly cache add parsed spec Result {
7 silly cache add   raw: './dist',
7 silly cache add   scope: null,
7 silly cache add   escapedName: null,
7 silly cache add   name: null,
7 silly cache add   rawSpec: './dist',
7 silly cache add   spec: '/Users/kyle/Documents/Development/EssilorUSA/ngWig/dist',
7 silly cache add   type: 'local' }
8 error addLocal Could not install /Users/kyle/Documents/Development/EssilorUSA/ngWig/dist
9 verbose stack Error: EISDIR: illegal operation on a directory, read
10 verbose cwd /Users/kyle/Documents/Development/EssilorUSA/ngWig
11 error Darwin 16.7.0
12 error argv "/usr/local/Cellar/node/7.2.0/bin/node" "/usr/local/bin/npm" "publish" "./dist"
13 error node v7.2.0
14 error npm  v3.10.9
15 error code EISDIR
16 error errno -21
17 error syscall read
18 error eisdir EISDIR: illegal operation on a directory, read
19 error eisdir This is most likely not a problem with npm itself
19 error eisdir and is related to npm not being able to find a package.json in
19 error eisdir a package you are trying to install.
20 verbose exit [ -21, true ]
